unityLibrary/build/intermediates/manifest_merge_blame_file/debug/manifest-merger-blame-debug-report.txt
1<?xml version="1.0" encoding="utf-8"?>
2<!-- GENERATED BY UNITY. REMOVE THIS COMMENT TO PREVENT OVERWRITING WHEN EXPORTING AGAIN -->
3<manifest xmlns:android="http://schemas.android.com/apk/res/android"
4    xmlns:tools="http://schemas.android.com/tools"
5    package="com.unity3d.player"
6    android:versionCode="1"
7    android:versionName="1.0" >
8
9    <uses-sdk
10        android:minSdkVersion="24"
10-->src\main\AndroidManifest.xml
11        android:targetSdkVersion="30" />
11-->src\main\AndroidManifest.xml
12
13    <uses-feature android:glEsVersion="0x00020000" />
13-->src\main\AndroidManifest.xml:20:3-52
13-->src\main\AndroidManifest.xml:20:17-49
14
15    <uses-permission android:name="android.permission.INTERNET" />
15-->src\main\AndroidManifest.xml:21:3-65
15-->src\main\AndroidManifest.xml:21:20-62
16    <uses-permission android:name="android.permission.CAMERA" />
16-->src\main\AndroidManifest.xml:22:3-63
16-->src\main\AndroidManifest.xml:22:20-60
17
18    <uses-feature
18-->src\main\AndroidManifest.xml:23:3-83
19        android:name="android.hardware.camera"
19-->src\main\AndroidManifest.xml:23:17-55
20        android:required="false" />
20-->src\main\AndroidManifest.xml:23:56-80
21    <uses-feature
21-->src\main\AndroidManifest.xml:24:3-93
22        android:name="android.hardware.camera.autofocus"
22-->src\main\AndroidManifest.xml:24:17-65
23        android:required="false" />
23-->src\main\AndroidManifest.xml:24:66-90
24    <uses-feature
24-->src\main\AndroidManifest.xml:25:3-89
25        android:name="android.hardware.camera.front"
25-->src\main\AndroidManifest.xml:25:17-61
26        android:required="false" />
26-->src\main\AndroidManifest.xml:25:62-86
27    <uses-feature
27-->src\main\AndroidManifest.xml:26:3-88
28        android:name="android.hardware.touchscreen"
28-->src\main\AndroidManifest.xml:26:17-60
29        android:required="false" />
29-->src\main\AndroidManifest.xml:26:61-85
30    <uses-feature
30-->src\main\AndroidManifest.xml:27:3-99
31        android:name="android.hardware.touchscreen.multitouch"
31-->src\main\AndroidManifest.xml:27:17-71
32        android:required="false" />
32-->src\main\AndroidManifest.xml:27:72-96
33    <uses-feature
33-->src\main\AndroidManifest.xml:28:3-108
34        android:name="android.hardware.touchscreen.multitouch.distinct"
34-->src\main\AndroidManifest.xml:28:17-80
35        android:required="false" />
35-->src\main\AndroidManifest.xml:28:81-105
36    <uses-feature
36-->src\main\AndroidManifest.xml:29:3-85
37        android:name="android.hardware.camera.ar"
37-->src\main\AndroidManifest.xml:29:17-58
38        android:required="true" />
38-->src\main\AndroidManifest.xml:29:59-82
39    <uses-feature
39-->src\main\AndroidManifest.xml:30:3-83
40        android:name="com.google.ar.core.depth"
40-->src\main\AndroidManifest.xml:30:17-56
41        android:required="true" />
41-->src\main\AndroidManifest.xml:30:57-80
42
43    <application>
43-->src\main\AndroidManifest.xml:4:3-19:17
44        <activity
44-->src\main\AndroidManifest.xml:5:5-12:16
45            android:name="com.unity3d.player.UnityPlayerActivity"
45-->src\main\AndroidManifest.xml:5:15-68
46            android:configChanges="mcc|mnc|locale|touchscreen|keyboard|keyboardHidden|navigation|orientation|screenLayout|uiMode|screenSize|smallestScreenSize|fontScale|layoutDirection|density"
46-->src\main\AndroidManifest.xml:5:181-362
47            android:hardwareAccelerated="false"
47-->src\main\AndroidManifest.xml:5:363-398
48            android:launchMode="singleTask"
48-->src\main\AndroidManifest.xml:5:149-180
49            android:screenOrientation="landscape"
49-->src\main\AndroidManifest.xml:5:111-148
50            android:theme="@style/UnityThemeSelector" >
50-->src\main\AndroidManifest.xml:5:69-110
51            <intent-filter>
51-->src\main\AndroidManifest.xml:6:7-9:23
52                <action android:name="android.intent.action.MAIN" />
52-->src\main\AndroidManifest.xml:7:9-61
52-->src\main\AndroidManifest.xml:7:17-58
53
54                <category android:name="android.intent.category.LAUNCHER" />
54-->src\main\AndroidManifest.xml:8:9-69
54-->src\main\AndroidManifest.xml:8:19-66
55            </intent-filter>
56
57            <meta-data
57-->src\main\AndroidManifest.xml:10:7-82
58                android:name="unityplayer.UnityActivity"
58-->src\main\AndroidManifest.xml:10:18-58
59                android:value="true" />
59-->src\main\AndroidManifest.xml:10:59-79
60            <meta-data
60-->src\main\AndroidManifest.xml:11:7-78
61                android:name="android.notch_support"
61-->src\main\AndroidManifest.xml:11:18-54
62                android:value="true" />
62-->src\main\AndroidManifest.xml:11:55-75
63        </activity>
64
65        <meta-data
65-->src\main\AndroidManifest.xml:13:5-69
66            android:name="unity.splash-mode"
66-->src\main\AndroidManifest.xml:13:16-48
67            android:value="0" />
67-->src\main\AndroidManifest.xml:13:49-66
68        <meta-data
68-->src\main\AndroidManifest.xml:14:5-74
69            android:name="unity.splash-enable"
69-->src\main\AndroidManifest.xml:14:16-50
70            android:value="True" />
70-->src\main\AndroidManifest.xml:14:51-71
71        <meta-data
71-->src\main\AndroidManifest.xml:15:5-81
72            android:name="notch.config"
72-->src\main\AndroidManifest.xml:15:16-43
73            android:value="portrait|landscape" />
73-->src\main\AndroidManifest.xml:15:44-78
74        <meta-data
74-->src\main\AndroidManifest.xml:16:5-101
75            android:name="unity.build-id"
75-->src\main\AndroidManifest.xml:16:16-45
76            android:value="6f3270b7-ff13-4f61-a82a-21dd53c61647" />
76-->src\main\AndroidManifest.xml:16:46-98
77        <meta-data
77-->src\main\AndroidManifest.xml:17:5-77
78            android:name="com.google.ar.core"
78-->src\main\AndroidManifest.xml:17:16-49
79            android:value="required" />
79-->src\main\AndroidManifest.xml:17:50-74
80        <meta-data
80-->src\main\AndroidManifest.xml:18:5-88
81            android:name="unityplayer.SkipPermissionsDialog"
81-->src\main\AndroidManifest.xml:18:16-64
82            android:value="true" />
82-->src\main\AndroidManifest.xml:18:65-85
83    </application>
84
85</manifest>